Custom Localization Documentation:

--------------------

corruption_val:

Scope: country
Random Valid: no

Entries:
corruption_low
corruption_med
corruption_high

--------------------

is_nato_member_loc:

Scope: country
Random Valid: no

Entries:
yes
no

--------------------

is_warsaw_pact_member_loc:

Scope: country
Random Valid: no

Entries:
yes
no

--------------------

is_non_aligned_loc:

Scope: country
Random Valid: no

Entries:
yes
no

--------------------

is_no_organization_loc:

Scope: country
Random Valid: no

Entries:
yes
no

--------------------

is_western_bloc_member_loc:

Scope: country
Random Valid: no

Entries:
yes
no

--------------------

is_eastern_bloc_member_loc:

Scope: country
Random Valid: no

Entries:
yes
no

--------------------

is_western_bloc_leader_loc:

Scope: country
Random Valid: no

Entries:
yes
no

--------------------

is_eastern_bloc_leader_loc:

Scope: country
Random Valid: no

Entries:
yes
no

--------------------

current_resolution:

Scope: country
Random Valid: no

Entries:
je_declaration_of_human_rights
NO_CURRENT_RESOLUTION

--------------------

pending_resolution_loc:

Scope: country
Random Valid: no

Entries:
yes
no

--------------------

un_voting_balance:

Scope: country
Random Valid: no

Entries:
UN_WINNING_BALANCE
UN_LOSING_BALANCE
UN_NONE_BALANCE

--------------------

is_un_member_loc:

Scope: country
Random Valid: no

Entries:
yes
no

--------------------

is_unsc_loc:

Scope: country
Random Valid: no

Entries:
yes
no

--------------------

is_un_observer_loc:

Scope: country
Random Valid: no

Entries:
yes
no

--------------------

is_not_un_member_loc:

Scope: country
Random Valid: no

Entries:
yes
no

--------------------

