Event Scope Types:
none
value
bool
flag
color
country
battle
battle_side
building
building_type
canal_type
character
civil_war
new_combat_unit
combat_unit
commander_order
commander_order_type
country_creation
country_definition
country_formation
culture
decree
diplomatic_action
diplomatic_pact
diplomatic_play
diplomatic_relations
front
goods
hq
ideology
institution
institution_type
interest_marker
interest_group
interest_group_trait
interest_group_type
journalentry
law
law_type
market
market_goods
objective
party
political_movement
pop
pop_type
province
religion
shipping_lane
state
state_region
state_trait
strategic_region
technology
technology_status
theater
trade_route
war
military_formation
sway
state_goods
diplomatic_demand
company
company_type
